TN:
SF:src/ConcreteObserver.ts
FN:11,<instance_members_initializer>
FN:17,ConcreteObserver
FN:24,update
FNF:3
FNH:3
FNDA:10,<instance_members_initializer>
FNDA:10,ConcreteObserver
FNDA:9,update
DA:1,1
DA:2,1
DA:3,1
DA:4,1
DA:5,1
DA:6,1
DA:7,1
DA:8,1
DA:9,1
DA:10,1
DA:11,1
DA:12,10
DA:13,10
DA:14,10
DA:15,10
DA:16,10
DA:17,10
DA:18,10
DA:19,10
DA:20,10
DA:21,10
DA:22,10
DA:23,10
DA:24,10
DA:25,9
DA:26,9
DA:27,10
LF:27
LH:27
BRDA:11,0,0,10
BRDA:17,1,0,10
BRDA:24,2,0,9
BRF:3
BRH:3
end_of_record
TN:
SF:src/GenericObservable.ts
FN:12,<instance_members_initializer>
FN:26,subscribe
FN:39,unsubscribe
FN:52,notify
FNF:4
FNH:4
FNDA:11,<instance_members_initializer>
FNDA:6,subscribe
FNDA:2,unsubscribe
FNDA:3,notify
DA:1,1
DA:2,1
DA:3,1
DA:4,1
DA:5,1
DA:6,1
DA:7,1
DA:8,1
DA:9,1
DA:10,1
DA:11,1
DA:12,1
DA:13,11
DA:14,11
DA:15,11
DA:16,11
DA:17,11
DA:18,11
DA:19,11
DA:20,11
DA:21,11
DA:22,11
DA:23,11
DA:24,11
DA:25,11
DA:26,11
DA:27,6
DA:28,6
DA:29,6
DA:30,6
DA:31,11
DA:32,11
DA:33,11
DA:34,11
DA:35,11
DA:36,11
DA:37,11
DA:38,11
DA:39,11
DA:40,2
DA:41,2
DA:42,2
DA:43,2
DA:44,2
DA:45,11
DA:46,11
DA:47,11
DA:48,11
DA:49,11
DA:50,11
DA:51,11
DA:52,11
DA:53,3
DA:54,3
DA:55,11
LF:55
LH:55
BRDA:12,0,0,11
BRDA:26,1,0,6
BRDA:39,2,0,2
BRDA:52,3,0,3
BRDA:53,4,0,4
BRF:5
BRH:5
end_of_record
